# JRE version: Java(TM) SE Runtime Environment (8.0_51-b16) (build 1.8.0_51-b16)
# Java VM: Java HotSpot(TM) 64-Bit Server VM (25.51-b03 mixed mode windows-amd64 compressed oops)
Heap:
 PSYoungGen      total 267264K, used 51494K [0x000000076b180000, 0x000000077ca00000, 0x00000007c0000000)
  eden space 256512K, 16% used [0x000000076b180000,0x000000076d9bd708,0x000000077ac00000)
  from space 10752K, 95% used [0x000000077b680000,0x000000077c08c330,0x000000077c100000)
  to   space 9216K, 0% used [0x000000077c100000,0x000000077c100000,0x000000077ca00000)
 ParOldGen       total 167936K, used 19585K [0x00000006c1400000, 0x00000006cb800000, 0x000000076b180000)
  object space 167936K, 11% used [0x00000006c1400000,0x00000006c27206c0,0x00000006cb800000)
 Metaspace       used 44576K, capacity 46834K, committed 47104K, reserved 1089536K
  class space    used 5938K, capacity 6331K, committed 6400K, reserved 1048576K
GC Heap History (10 events):
Event: 3.514 GC heap before
{Heap before GC invocations=7 (full 1):
 PSYoungGen      total 141824K, used 137270K [0x000000076b180000, 0x0000000778100000, 0x00000007c0000000)
  eden space 131072K, 100% used [0x000000076b180000,0x0000000773180000,0x0000000773180000)
  from space 10752K, 57% used [0x0000000773180000,0x000000077378d9f0,0x0000000773c00000)
  to   space 8704K, 0% used [0x0000000777880000,0x0000000777880000,0x0000000778100000)
 ParOldGen       total 102912K, used 6952K [0x00000006c1400000, 0x00000006c7880000, 0x000000076b180000)
  object space 102912K, 6% used [0x00000006c1400000,0x00000006c1aca2c0,0x00000006c7880000)
 Metaspace       used 28124K, capacity 29726K, committed 30080K, reserved 1075200K
  class space    used 3779K, capacity 4105K, committed 4224K, reserved 1048576K
Event: 3.520 GC heap after
Heap after GC invocations=7 (full 1):
 PSYoungGen      total 199680K, used 8686K [0x000000076b180000, 0x0000000778100000, 0x00000007c0000000)
  eden space 190976K, 0% used [0x000000076b180000,0x000000076b180000,0x0000000776c00000)
  from space 8704K, 99% used [0x0000000777880000,0x00000007780fbb48,0x0000000778100000)
  to   space 10240K, 0% used [0x0000000776d00000,0x0000000776d00000,0x0000000777700000)
 ParOldGen       total 102912K, used 8182K [0x00000006c1400000, 0x00000006c7880000, 0x000000076b180000)
  object space 102912K, 7% used [0x00000006c1400000,0x00000006c1bfdb28,0x00000006c7880000)
 Metaspace       used 28124K, capacity 29726K, committed 30080K, reserved 1075200K
  class space    used 3779K, capacity 4105K, committed 4224K, reserved 1048576K
}
Event: 4.541 GC heap before
{Heap before GC invocations=8 (full 1):
 PSYoungGen      total 199680K, used 121684K [0x000000076b180000, 0x0000000778100000, 0x00000007c0000000)
  eden space 190976K, 59% used [0x000000076b180000,0x0000000771fd9860,0x0000000776c00000)
  from space 8704K, 99% used [0x0000000777880000,0x00000007780fbb48,0x0000000778100000)
  to   space 10240K, 0% used [0x0000000776d00000,0x0000000776d00000,0x0000000777700000)
 ParOldGen       total 102912K, used 8182K [0x00000006c1400000, 0x00000006c7880000, 0x000000076b180000)
  object space 102912K, 7% used [0x00000006c1400000,0x00000006c1bfdb28,0x00000006c7880000)
 Metaspace       used 33506K, capacity 35458K, committed 35496K, reserved 1079296K
  class space    used 4518K, capacity 4852K, committed 4864K, reserved 1048576K
Event: 4.550 GC heap after
Heap after GC invocations=8 (full 1):
 PSYoungGen      total 202240K, used 10223K [0x000000076b180000, 0x000000077d480000, 0x00000007c0000000)
  eden space 192000K, 0% used [0x000000076b180000,0x000000076b180000,0x0000000776d00000)
  from space 10240K, 99% used [0x0000000776d00000,0x00000007776fbe40,0x0000000777700000)
  to   space 12800K, 0% used [0x000000077c800000,0x000000077c800000,0x000000077d480000)
 ParOldGen       total 102912K, used 10464K [0x00000006c1400000, 0x00000006c7880000, 0x000000076b180000)
  object space 102912K, 10% used [0x00000006c1400000,0x00000006c1e38200,0x00000006c7880000)
 Metaspace       used 33506K, capacity 35458K, committed 35496K, reserved 1079296K
  class space    used 4518K, capacity 4852K, committed 4864K, reserved 1048576K
}
Event: 4.550 GC heap before
{Heap before GC invocations=9 (full 2):
 PSYoungGen      total 202240K, used 10223K [0x000000076b180000, 0x000000077d480000, 0x00000007c0000000)
  eden space 192000K, 0% used [0x000000076b180000,0x000000076b180000,0x0000000776d00000)
  from space 10240K, 99% used [0x0000000776d00000,0x00000007776fbe40,0x0000000777700000)
  to   space 12800K, 0% used [0x000000077c800000,0x000000077c800000,0x000000077d480000)
 ParOldGen       total 102912K, used 10464K [0x00000006c1400000, 0x00000006c7880000, 0x000000076b180000)
  object space 102912K, 10% used [0x00000006c1400000,0x00000006c1e38200,0x00000006c7880000)
 Metaspace       used 33506K, capacity 35458K, committed 35496K, reserved 1079296K
  class space    used 4518K, capacity 4852K, committed 4864K, reserved 1048576K
Event: 4.593 GC heap after
Heap after GC invocations=9 (full 2):
 PSYoungGen      total 202240K, used 0K [0x000000076b180000, 0x000000077d480000, 0x00000007c0000000)
  eden space 192000K, 0% used [0x000000076b180000,0x000000076b180000,0x0000000776d00000)
  from space 10240K, 0% used [0x0000000776d00000,0x0000000776d00000,0x0000000777700000)
  to   space 12800K, 0% used [0x000000077c800000,0x000000077c800000,0x000000077d480000)
 ParOldGen       total 167936K, used 17197K [0x00000006c1400000, 0x00000006cb800000, 0x000000076b180000)
  object space 167936K, 10% used [0x00000006c1400000,0x00000006c24cb768,0x00000006cb800000)
 Metaspace       used 33506K, capacity 35458K, committed 35496K, reserved 1079296K
  class space    used 4518K, capacity 4852K, committed 4864K, reserved 1048576K
}
Event: 21.424 GC heap before
{Heap before GC invocations=10 (full 2):
 PSYoungGen      total 202240K, used 192000K [0x000000076b180000, 0x000000077d480000, 0x00000007c0000000)
  eden space 192000K, 100% used [0x000000076b180000,0x0000000776d00000,0x0000000776d00000)
  from space 10240K, 0% used [0x0000000776d00000,0x0000000776d00000,0x0000000777700000)
  to   space 12800K, 0% used [0x000000077c800000,0x000000077c800000,0x000000077d480000)
 ParOldGen       total 167936K, used 17197K [0x00000006c1400000, 0x00000006cb800000, 0x000000076b180000)
  object space 167936K, 10% used [0x00000006c1400000,0x00000006c24cb768,0x00000006cb800000)
 Metaspace       used 43995K, capacity 46260K, committed 46592K, reserved 1089536K
  class space    used 5878K, capacity 6294K, committed 6400K, reserved 1048576K
Event: 21.435 GC heap after
Heap after GC invocations=10 (full 2):
 PSYoungGen      total 277504K, used 12792K [0x000000076b180000, 0x000000077d480000, 0x00000007c0000000)
  eden space 264704K, 0% used [0x000000076b180000,0x000000076b180000,0x000000077b400000)
  from space 12800K, 99% used [0x000000077c800000,0x000000077d47e300,0x000000077d480000)
  to   space 15360K, 0% used [0x000000077b680000,0x000000077b680000,0x000000077c580000)
 ParOldGen       total 167936K, used 19577K [0x00000006c1400000, 0x00000006cb800000, 0x000000076b180000)
  object space 167936K, 11% used [0x00000006c1400000,0x00000006c271e6c0,0x00000006cb800000)
 Metaspace       used 43995K, capacity 46260K, committed 46592K, reserved 1089536K
  class space    used 5878K, capacity 6294K, committed 6400K, reserved 1048576K
}
Event: 1326.980 GC heap before
{Heap before GC invocations=11 (full 2):
 PSYoungGen      total 277504K, used 277496K [0x000000076b180000, 0x000000077d480000, 0x00000007c0000000)
  eden space 264704K, 100% used [0x000000076b180000,0x000000077b400000,0x000000077b400000)
  from space 12800K, 99% used [0x000000077c800000,0x000000077d47e300,0x000000077d480000)
  to   space 15360K, 0% used [0x000000077b680000,0x000000077b680000,0x000000077c580000)
 ParOldGen       total 167936K, used 19577K [0x00000006c1400000, 0x00000006cb800000, 0x000000076b180000)
  object space 167936K, 11% used [0x00000006c1400000,0x00000006c271e6c0,0x00000006cb800000)
 Metaspace       used 44567K, capacity 46834K, committed 47104K, reserved 1089536K
  class space    used 5938K, capacity 6331K, committed 6400K, reserved 1048576K
Event: 1326.992 GC heap after
Heap after GC invocations=11 (full 2):
 PSYoungGen      total 267264K, used 10288K [0x000000076b180000, 0x000000077ca00000, 0x00000007c0000000)
  eden space 256512K, 0% used [0x000000076b180000,0x000000076b180000,0x000000077ac00000)
  from space 10752K, 95% used [0x000000077b680000,0x000000077c08c330,0x000000077c100000)
  to   space 9216K, 0% used [0x000000077c100000,0x000000077c100000,0x000000077ca00000)
 ParOldGen       total 167936K, used 19585K [0x00000006c1400000, 0x00000006cb800000, 0x000000076b180000)
  object space 167936K, 11% used [0x00000006c1400000,0x00000006c27206c0,0x00000006cb800000)
 Metaspace       used 44567K, capacity 46834K, committed 47104K, reserved 1089536K
  class space    used 5938K, capacity 6331K, committed 6400K, reserved 1048576K
}

